
> vibe-generated-app@1.0.0 dev
> vite


  VITE v5.4.20  ready in 245 ms

  ➜  Local:   http://localhost:3000/
  ➜  Network: http://172.20.23.43:3000/
2:20:49 PM [vite] Pre-transform error: Transform failed with 1 error:
/home/workspace/src/components/HeroSection.jsx:97:49: ERROR: Unexpected backslash in JSX element
2:20:50 PM [vite] Internal server error: Transform failed with 1 error:
/home/workspace/src/components/HeroSection.jsx:97:49: ERROR: Unexpected backslash in JSX element
  Plugin: vite:esbuild
  File: /home/workspace/src/components/HeroSection.jsx:97:49
  
  Unexpected backslash in JSX element
  95 |                value={query}
  96 |                onChange={(e) => setQuery(e.target.value)}
  97 |                placeholder="e.g., \"Revise biology\" tomorrow at 7pm"
     |                                                   ^
  98 |                className="w-full rounded-md px-3 py-3 outline-none"
  99 |              />
  
      at failureErrorWithLog (/home/workspace/node_modules/esbuild/lib/main.js:1472:15)
      at /home/workspace/node_modules/esbuild/lib/main.js:755:50
      at responseCallbacks.<computed> (/home/workspace/node_modules/esbuild/lib/main.js:622:9)
      at handleIncomingPacket (/home/workspace/node_modules/esbuild/lib/main.js:677:12)
      at Socket.readFromStdout (/home/workspace/node_modules/esbuild/lib/main.js:600:7)
      at Socket.emit (node:events:508:28)
      at addChunk (node:internal/streams/readable:559:12)
      at readableAddChunkPushByteMode (node:internal/streams/readable:510:3)
      at Readable.push (node:internal/streams/readable:390:5)
      at Pipe.onStreamRead (node:internal/stream_base_commons:189:23)
2:21:41 PM [vite] Internal server error: Transform failed with 1 error:
/home/workspace/src/components/HeroSection.jsx:97:49: ERROR: Unexpected backslash in JSX element
  Plugin: vite:esbuild
  File: /home/workspace/src/components/HeroSection.jsx:97:49
  
  Unexpected backslash in JSX element
  95 |                value={query}
  96 |                onChange={(e) => setQuery(e.target.value)}
  97 |                placeholder="e.g., \"Revise biology\" tomorrow at 7pm"
     |                                                   ^
  98 |                className="w-full rounded-md px-3 py-3 outline-none"
  99 |              />
  
      at failureErrorWithLog (/home/workspace/node_modules/esbuild/lib/main.js:1472:15)
      at /home/workspace/node_modules/esbuild/lib/main.js:755:50
      at responseCallbacks.<computed> (/home/workspace/node_modules/esbuild/lib/main.js:622:9)
      at handleIncomingPacket (/home/workspace/node_modules/esbuild/lib/main.js:677:12)
      at Socket.readFromStdout (/home/workspace/node_modules/esbuild/lib/main.js:600:7)
      at Socket.emit (node:events:508:28)
      at addChunk (node:internal/streams/readable:559:12)
      at readableAddChunkPushByteMode (node:internal/streams/readable:510:3)
      at Readable.push (node:internal/streams/readable:390:5)
      at Pipe.onStreamRead (node:internal/stream_base_commons:189:23)
